  Observer.cpp
\POO_Gameinaki\src\Observer.cpp(1,1): error C1083: Cannot open source file: '..\..\POO_Gameinaki\src\Observer.cpp': No such file or directory
  (compiling source file '/POO_Gameinaki/src/Observer.cpp')
  
  Audio.cpp
C:\Users\inaki\OneDrive\Desktop\School\TRI 3\Git17979-school-proj\Git17979\Observer.h(5,12): error C2011: 'Evento': 'enum' type redefinition
  (compiling source file 'Audio.cpp')
      C:\Users\inaki\OneDrive\Desktop\School\TRI 3\Git17979-school-proj\Git17979\Observer.h(5,12):
      see declaration of 'Evento'
  
C:\Users\inaki\OneDrive\Desktop\School\TRI 3\Git17979-school-proj\Git17979\Observer.h(8,7): error C2011: 'Observer': 'class' type redefinition
  (compiling source file 'Audio.cpp')
      C:\Users\inaki\OneDrive\Desktop\School\TRI 3\Git17979-school-proj\Git17979\Observer.h(8,7):
      see declaration of 'Observer'
  
C:\Users\inaki\OneDrive\Desktop\School\TRI 3\Git17979-school-proj\Git17979\Audio.cpp(6,24): error C2027: use of undefined type 'Evento'
      C:\Users\inaki\OneDrive\Desktop\School\TRI 3\Git17979-school-proj\Git17979\Observer.h(5,12):
      see declaration of 'Evento'
  
C:\Users\inaki\OneDrive\Desktop\School\TRI 3\Git17979-school-proj\Git17979\Audio.cpp(6,24): error C2065: 'PERSONAJE_RECIBE_DANO': undeclared identifier
C:\Users\inaki\OneDrive\Desktop\School\TRI 3\Git17979-school-proj\Git17979\Audio.cpp(9,24): error C2027: use of undefined type 'Evento'
      C:\Users\inaki\OneDrive\Desktop\School\TRI 3\Git17979-school-proj\Git17979\Observer.h(5,12):
      see declaration of 'Evento'
  
C:\Users\inaki\OneDrive\Desktop\School\TRI 3\Git17979-school-proj\Git17979\Audio.cpp(9,24): error C2065: 'PERSONAJE_SALTAR': undeclared identifier
C:\Users\inaki\OneDrive\Desktop\School\TRI 3\Git17979-school-proj\Git17979\Audio.cpp(12,24): error C2027: use of undefined type 'Evento'
      C:\Users\inaki\OneDrive\Desktop\School\TRI 3\Git17979-school-proj\Git17979\Observer.h(5,12):
      see declaration of 'Evento'
  
C:\Users\inaki\OneDrive\Desktop\School\TRI 3\Git17979-school-proj\Git17979\Audio.cpp(12,24): error C2065: 'PERSONAJE_DISPARA': undeclared identifier
  Git17979.cpp
C:\Users\inaki\OneDrive\Desktop\School\TRI 3\Git17979-school-proj\Git17979\Observer.h(5,12): error C2011: 'Evento': 'enum' type redefinition
  (compiling source file 'Git17979.cpp')
      C:\Users\inaki\OneDrive\Desktop\School\TRI 3\Git17979-school-proj\Git17979\Observer.h(5,12):
      see declaration of 'Evento'
  
C:\Users\inaki\OneDrive\Desktop\School\TRI 3\Git17979-school-proj\Git17979\Observer.h(8,7): error C2011: 'Observer': 'class' type redefinition
  (compiling source file 'Git17979.cpp')
      C:\Users\inaki\OneDrive\Desktop\School\TRI 3\Git17979-school-proj\Git17979\Observer.h(8,7):
      see declaration of 'Observer'
  
C:\Users\inaki\OneDrive\Desktop\School\TRI 3\Git17979-school-proj\Git17979\Audio.h(5,22): error C2504: 'Observer': base class undefined
  (compiling source file 'Git17979.cpp')
  
C:\Users\inaki\OneDrive\Desktop\School\TRI 3\Git17979-school-proj\Git17979\Audio.h(8,7): error C3668: 'Audio::onNotify': method with override specifier 'override' did not override any base class methods
  (compiling source file 'Git17979.cpp')
  
C:\Users\inaki\OneDrive\Desktop\School\TRI 3\Git17979-school-proj\Git17979\Logros.h(4,23): error C2504: 'Observer': base class undefined
  (compiling source file 'Git17979.cpp')
  
C:\Users\inaki\OneDrive\Desktop\School\TRI 3\Git17979-school-proj\Git17979\Logros.h(7,7): error C3668: 'Logros::onNotify': method with override specifier 'override' did not override any base class methods
  (compiling source file 'Git17979.cpp')
  
C:\Users\inaki\OneDrive\Desktop\School\TRI 3\Git17979-school-proj\Git17979\Git17979.cpp(28,15): error C2664: 'void Personaje::agregarObserver(Observer *)': cannot convert argument 1 from 'Logros *' to 'Observer *'
      C:\Users\inaki\OneDrive\Desktop\School\TRI 3\Git17979-school-proj\Git17979\Git17979.cpp(28,31):
      Types pointed to are unrelated; conversion requires reinterpret_cast, C-style cast or parenthesized function-style cast
      C:\Users\inaki\OneDrive\Desktop\School\TRI 3\Git17979-school-proj\Git17979\Personaje.h(36,7):
      see declaration of 'Personaje::agregarObserver'
      C:\Users\inaki\OneDrive\Desktop\School\TRI 3\Git17979-school-proj\Git17979\Git17979.cpp(28,15):
      while trying to match the argument list '(Logros *)'
  
C:\Users\inaki\OneDrive\Desktop\School\TRI 3\Git17979-school-proj\Git17979\Git17979.cpp(29,15): error C2664: 'void Personaje::agregarObserver(Observer *)': cannot convert argument 1 from 'Audio *' to 'Observer *'
      C:\Users\inaki\OneDrive\Desktop\School\TRI 3\Git17979-school-proj\Git17979\Git17979.cpp(29,31):
      Types pointed to are unrelated; conversion requires reinterpret_cast, C-style cast or parenthesized function-style cast
      C:\Users\inaki\OneDrive\Desktop\School\TRI 3\Git17979-school-proj\Git17979\Personaje.h(36,7):
      see declaration of 'Personaje::agregarObserver'
      C:\Users\inaki\OneDrive\Desktop\School\TRI 3\Git17979-school-proj\Git17979\Git17979.cpp(29,15):
      while trying to match the argument list '(Audio *)'
  
  InputHandler.cpp
  Logros.cpp
  Personaje.cpp
  Generating Code...
